#
# There is insufficient memory for the Java Runtime Environment to continue.
# Native memory allocation (mmap) failed to map 266338304 bytes for G1 virtual space
# Possible reasons:
#   The system is out of physical RAM or swap space
#   The process is running with CompressedOops enabled, and the Java Heap may be blocking the growth of the native heap
# Possible solutions:
#   Reduce memory load on the system
#   Increase physical memory or swap space
#   Check if swap backing store is full
#   Decrease Java heap size (-Xmx/-Xms)
#   Decrease number of Java threads
#   Decrease Java thread stack sizes (-Xss)
#   Set larger code cache with -XX:ReservedCodeCacheSize=
#   JVM is running with Zero Based Compressed Oops mode in which the Java heap is
#     placed in the first 32GB address space. The Java Heap base address is the
#     maximum limit for the native heap growth. Please use -XX:HeapBaseMinAddress
#     to set the Java Heap base and to place the Java Heap above 32GB virtual address.
# This output file may be truncated or incomplete.
#
#  Out of Memory Error (os_windows.cpp:3466), pid=33080, tid=50192
#
# JRE version:  (16.0.1+9) (build )
# Java VM: Java HotSpot(TM) 64-Bit Server VM (16.0.1+9-24, mixed mode, sharing, tiered, compressed oops, compressed class ptrs, g1 gc, windows-amd64)
# No core dump will be written. Minidumps are not enabled by default on client versions of Windows
#

---------------  S U M M A R Y ------------

Command Line: -agentlib:jdwp=transport=dt_socket,address=127.0.0.1:57206,suspend=y,server=n -javaagent:C:\Users\nour\AppData\Local\JetBrains\IdeaIC2021.3\captureAgent\debugger-agent.jar -Dfile.encoding=UTF-8 com.chaj3ni.chaj3ni.Chaj3niApplication

Host: Intel(R) Core(TM) i7-9750H CPU @ 2.60GHz, 12 cores, 15G,  Windows 10 , 64 bit Build 22000 (10.0.22000.675)
Time: Thu May 26 18:46:24 2022 Afr. centrale Ouest elapsed time: 0.280092 seconds (0d 0h 0m 0s)

---------------  T H R E A D  ---------------

Current thread (0x00000213b49801f0):  JavaThread "Unknown thread" [_thread_in_vm, id=50192, stack(0x00000092fd700000,0x00000092fd800000)]

Stack: [0x00000092fd700000,0x00000092fd800000]
Native frames: (J=compiled Java code, j=interpreted, Vv=VM code, C=native code)
V  [jvm.dll+0x6687ca]
V  [jvm.dll+0x7ca3c9]
V  [jvm.dll+0x7cbb53]
V  [jvm.dll+0x7cc1b3]
V  [jvm.dll+0x242ea5]
V  [jvm.dll+0x665589]
V  [jvm.dll+0x65a175]
V  [jvm.dll+0x2fc5ab]
V  [jvm.dll+0x3037a6]
V  [jvm.dll+0x352fee]
V  [jvm.dll+0x35321f]
V  [jvm.dll+0x2d3618]
V  [jvm.dll+0x2d4854]
V  [jvm.dll+0x79ccb1]
V  [jvm.dll+0x360de1]
V  [jvm.dll+0x77a990]
V  [jvm.dll+0x3e55af]
V  [jvm.dll+0x3e7081]
C  [jli.dll+0x52fb]
C  [ucrtbase.dll+0x26c0c]
C  [KERNEL32.DLL+0x154e0]
C  [ntdll.dll+0x485b]


---------------  P R O C E S S  ---------------

Threads class SMR info:
_java_thread_list=0x00007ffc8168cbb8, length=0, elements={
}

Java Threads: ( => current thread )

Other Threads:
  0x00000213b49d29f0 GCTaskThread "GC Thread#0" [stack: 0x00000092fd800000,0x00000092fd900000] [id=30040]
  0x00000213b49e3940 ConcurrentGCThread "G1 Main Marker" [stack: 0x00000092fd900000,0x00000092fda00000] [id=38296]
  0x00000213b49e5b60 ConcurrentGCThread "G1 Conc#0" [stack: 0x00000092fda00000,0x00000092fdb00000] [id=1992]

[error occurred during error reporting (printing all threads), id 0xc0000005, EXCEPTION_ACCESS_VIOLATION (0xc0000005) at pc=0x00007ffc80e644d7]

VM state: not at safepoint (not fully initialized)

VM Mutex/Monitor currently owned by a thread:  ([mutex/lock_event])
[0x00000213b497b3f0] Heap_lock - owner thread: 0x00000213b49801f0

Heap address: 0x0000000702c00000, size: 4052 MB, Compressed Oops mode: Zero based, Oop shift amount: 3

CDS archive(s) mapped at: [0x0000000000000000-0x0000000000000000-0x0000000000000000), size 0, SharedBaseAddress: 0x0000000800000000, ArchiveRelocationMode: 0.
Narrow klass base: 0x0000000000000000, Narrow klass shift: 0, Narrow klass range: 0x0

GC Precious Log:
<Empty>

Heap:
 garbage-first heap   total 0K, used 0K [0x0000000702c00000, 0x0000000800000000)
  region size 2048K, 0 young (0K), 0 survivors (0K)

[error occurred during error reporting (printing heap information), id 0xc0000005, EXCEPTION_ACCESS_VIOLATION (0xc0000005) at pc=0x00007ffc812424ed]

GC Heap History (0 events):
No events

Deoptimization events (0 events):
No events

Classes unloaded (0 events):
No events

Classes redefined (0 events):
No events

Internal exceptions (0 events):
No events

Events (2 events):
Event: 0.265 Loaded shared library C:\Program Files\Java\jdk-16.0.1\bin\java.dll
Event: 0.270 Loaded shared library C:\Program Files\Java\jdk-16.0.1\bin\zip.dll


Dynamic libraries:
0x00007ff72df90000 - 0x00007ff72dfa0000 	C:\Program Files\Java\jdk-16.0.1\bin\java.exe
0x00007ffd011e0000 - 0x00007ffd013e9000 	C:\WINDOWS\SYSTEM32\ntdll.dll
0x00007ffcd25d0000 - 0x00007ffcd25e6000 	C:\Program Files\Avast Software\Avast\aswhook.dll
0x00007ffd00870000 - 0x00007ffd0092d000 	C:\WINDOWS\System32\KERNEL32.DLL
0x00007ffcfe7c0000 - 0x00007ffcfeb39000 	C:\WINDOWS\System32\KERNELBASE.dll
0x00007ffcfed00000 - 0x00007ffcfee11000 	C:\WINDOWS\System32\ucrtbase.dll
0x00007ffceb3a0000 - 0x00007ffceb3b9000 	C:\Program Files\Java\jdk-16.0.1\bin\VCRUNTIME140.dll
0x00007ffceb3c0000 - 0x00007ffceb3d8000 	C:\Program Files\Java\jdk-16.0.1\bin\jli.dll
0x00007ffd01090000 - 0x00007ffd0113e000 	C:\WINDOWS\System32\ADVAPI32.dll
0x00007ffd00750000 - 0x00007ffd007f3000 	C:\WINDOWS\System32\msvcrt.dll
0x00007ffcff160000 - 0x00007ffcff1fe000 	C:\WINDOWS\System32\sechost.dll
0x00007ffcff5c0000 - 0x00007ffcff6e0000 	C:\WINDOWS\System32\RPCRT4.dll
0x00007ffcff3a0000 - 0x00007ffcff54c000 	C:\WINDOWS\System32\USER32.dll
0x00007ffcfe790000 - 0x00007ffcfe7b6000 	C:\WINDOWS\System32\win32u.dll
0x00007ffce3810000 - 0x00007ffce3ab5000 	C:\WINDOWS\WinSxS\amd64_microsoft.windows.common-controls_6595b64144ccf1df_6.0.22000.120_none_9d947278b86cc467\COMCTL32.dll
0x00007ffd01060000 - 0x00007ffd01089000 	C:\WINDOWS\System32\GDI32.dll
0x00007ffcfeb40000 - 0x00007ffcfec52000 	C:\WINDOWS\System32\gdi32full.dll
0x00007ffcfec60000 - 0x00007ffcfecfd000 	C:\WINDOWS\System32\msvcp_win.dll
0x00007ffcfb310000 - 0x00007ffcfb31a000 	C:\WINDOWS\SYSTEM32\VERSION.dll
0x00007ffcff080000 - 0x00007ffcff0b1000 	C:\WINDOWS\System32\IMM32.DLL
0x00007ffceb390000 - 0x00007ffceb39c000 	C:\Program Files\Java\jdk-16.0.1\bin\vcruntime140_1.dll
0x00007ffce1f90000 - 0x00007ffce2021000 	C:\Program Files\Java\jdk-16.0.1\bin\msvcp140.dll
0x00007ffc80b80000 - 0x00007ffc8172b000 	C:\Program Files\Java\jdk-16.0.1\bin\server\jvm.dll
0x00007ffd00080000 - 0x00007ffd00088000 	C:\WINDOWS\System32\PSAPI.DLL
0x00007ffcf5bd0000 - 0x00007ffcf5c03000 	C:\WINDOWS\SYSTEM32\WINMM.dll
0x00007ffcec880000 - 0x00007ffcec889000 	C:\WINDOWS\SYSTEM32\WSOCK32.dll
0x00007ffd00ff0000 - 0x00007ffd0105f000 	C:\WINDOWS\System32\WS2_32.dll
0x00007ffcfd8c0000 - 0x00007ffcfd8d8000 	C:\WINDOWS\SYSTEM32\kernel.appcore.dll
0x00007ffceb380000 - 0x00007ffceb38a000 	C:\Program Files\Java\jdk-16.0.1\bin\jimage.dll
0x00007ffcfc1f0000 - 0x00007ffcfc411000 	C:\WINDOWS\SYSTEM32\DBGHELP.DLL
0x00007ffcef860000 - 0x00007ffcef891000 	C:\WINDOWS\SYSTEM32\dbgcore.DLL
0x00007ffcfee90000 - 0x00007ffcfef0f000 	C:\WINDOWS\System32\bcryptPrimitives.dll
0x00007ffce0050000 - 0x00007ffce008b000 	C:\Program Files\Java\jdk-16.0.1\bin\jdwp.dll
0x00007ffce1f00000 - 0x00007ffce1f0e000 	C:\Program Files\Java\jdk-16.0.1\bin\instrument.dll
0x00007ffce1f60000 - 0x00007ffce1f85000 	C:\Program Files\Java\jdk-16.0.1\bin\java.dll
0x00007ffce1f10000 - 0x00007ffce1f28000 	C:\Program Files\Java\jdk-16.0.1\bin\zip.dll

dbghelp: loaded successfully - version: 4.0.5 - missing functions: none
symbol engine: initialized successfully - sym options: 0x614 - pdb path: .;C:\Program Files\Java\jdk-16.0.1\bin;C:\WINDOWS\SYSTEM32;C:\Program Files\Avast Software\Avast;C:\WINDOWS\WinSxS\amd64_microsoft.windows.common-controls_6595b64144ccf1df_6.0.22000.120_none_9d947278b86cc467;C:\Program Files\Java\jdk-16.0.1\bin\server

VM Arguments:
jvm_args: -agentlib:jdwp=transport=dt_socket,address=127.0.0.1:57206,suspend=y,server=n -javaagent:C:\Users\nour\AppData\Local\JetBrains\IdeaIC2021.3\captureAgent\debugger-agent.jar -Dfile.encoding=UTF-8 
java_command: com.chaj3ni.chaj3ni.Chaj3niApplication
java_class_path (initial): C:\chaj3ni\target\classes;C:\Users\nour\.m2\repository\org\springframework\spring-aop\5.3.16\spring-aop-5.3.16.jar;C:\Users\nour\.m2\repository\org\springframework\spring-beans\5.3.16\spring-beans-5.3.16.jar;C:\Users\nour\.m2\repository\org\springframework\spring-context\5.3.16\spring-context-5.3.16.jar;C:\Users\nour\.m2\repository\org\springframework\spring-expression\5.3.16\spring-expression-5.3.16.jar;C:\Users\nour\.m2\repository\org\springframework\spring-core\5.3.16\spring-core-5.3.16.jar;C:\Users\nour\.m2\repository\org\springframework\spring-jcl\5.3.16\spring-jcl-5.3.16.jar;C:\Users\nour\.m2\repository\org\springframework\security\spring-security-crypto\5.6.2\spring-security-crypto-5.6.2.jar;C:\Users\nour\.m2\repository\io\jsonwebtoken\jjwt\0.7.0\jjwt-0.7.0.jar;C:\Users\nour\.m2\repository\com\fasterxml\jackson\core\jackson-databind\2.13.1\jackson-databind-2.13.1.jar;C:\Users\nour\.m2\repository\com\fasterxml\jackson\core\jackson-annotations\2.13.1\jackson-annotations-2.13.1.jar;C:\Users\nour\.m2\repository\com\fasterxml\jackson\core\jackson-core\2.13.1\jackson-core-2.13.1.jar;C:\Users\nour\.m2\repository\org\springframework\boot\spring-boot-starter-data-jpa\2.6.4\spring-boot-starter-data-jpa-2.6.4.jar;C:\Users\nour\.m2\repository\org\springframework\boot\spring-boot-starter-aop\2.6.4\spring-boot-starter-aop-2.6.4.jar;C:\Users\nour\.m2\repository\org\aspectj\aspectjweaver\1.9.7\aspectjweaver-1.9.7.jar;C:\Users\nour\.m2\repository\org\springframework\boot\spring-boot-starter-jdbc\2.6.4\spring-boot-starter-jdbc-2.6.4.jar;C:\Users\nour\.m2\repository\com\zaxxer\HikariCP\4.0.3\HikariCP-4.0.3.jar;C:\Users\nour\.m2\repository\org\springframework\spring-jdbc\5.3.16\spring-jdbc-5.3.16.jar;C:\Users\nour\.m2\repository\jakarta\transaction\jakarta.transaction-api\1.3.3\jakarta.transaction-api-1.3.3.jar;C:\Users\nour\.m2\repository\jakarta\persistence\jakarta.persistence-api\2.2.3\jakarta.persistence-api-2.2.3.jar;C:\Users\nour\.m2\repository
Launcher Type: SUN_STANDARD

[Global flags]
     intx CICompilerCount                          = 4                                         {product} {ergonomic}
     uint ConcGCThreads                            = 3                                         {product} {ergonomic}
     uint G1ConcRefinementThreads                  = 10                                        {product} {ergonomic}
   size_t G1HeapRegionSize                         = 2097152                                   {product} {ergonomic}
    uintx GCDrainStackTargetSize                   = 64                                        {product} {ergonomic}
   size_t InitialHeapSize                          = 266338304                                 {product} {ergonomic}
   size_t MarkStackSize                            = 4194304                                   {product} {ergonomic}
   size_t MaxHeapSize                              = 4248829952                                {product} {ergonomic}
   size_t MinHeapDeltaBytes                        = 2097152                                   {product} {ergonomic}
   size_t MinHeapSize                              = 8388608                                   {product} {ergonomic}
    uintx NonNMethodCodeHeapSize                   = 5839372                                {pd product} {ergonomic}
    uintx NonProfiledCodeHeapSize                  = 122909434                              {pd product} {ergonomic}
    uintx ProfiledCodeHeapSize                     = 122909434                              {pd product} {ergonomic}
    uintx ReservedCodeCacheSize                    = 251658240                              {pd product} {ergonomic}
     bool SegmentedCodeCache                       = true                                      {product} {ergonomic}
   size_t SoftMaxHeapSize                          = 4248829952                             {manageable} {ergonomic}
     bool UseCompressedClassPointers               = true                           {product lp64_product} {ergonomic}
     bool UseCompressedOops                        = true                           {product lp64_product} {ergonomic}
     bool UseG1GC                                  = true                                      {product} {ergonomic}
     bool UseLargePagesIndividualAllocation        = false                                  {pd product} {ergonomic}

Logging:
Log output configuration:
 #0: stdout all=warning uptime,level,tags
 #1: stderr all=off uptime,level,tags

Environment Variables:
PATH=C:\Python310\Scripts\;C:\Python310\;C:\Windows\system32;C:\Windows;C:\Windows\System32\Wbem;C:\Windows\System32\WindowsPowerShell\v1.0\;C:\Windows\System32\OpenSSH\;C:\Program Files (x86)\NVIDIA Corporation\PhysX\Common;C:\Program Files\NVIDIA Corporation\NVIDIA NvDLISR;C:\WINDOWS\system32;C:\WINDOWS;C:\WINDOWS\System32\Wbem;C:\WINDOWS\System32\WindowsPowerShell\v1.0\;C:\WINDOWS\System32\OpenSSH\;C:\Program Files\Java\jdk-16.0.1\bin;C:\ProgramData\chocolatey\bin;C:\Program Files\Git\cmd;C:\Program Files (x86)\Git\cmd;C:\Program Files\nodejs;C:\Program Files\nodejs\;C:\Program Files\dotnet\;C:\Users\nour\anaconda3;C:\Users\nour\anaconda3\Library\mingw-w64\bin;C:\Users\nour\anaconda3\Library\usr\bin;C:\Users\nour\anaconda3\Library\bin;C:\Users\nour\anaconda3\Scripts;C:\Users\nour\AppData\Local\Microsoft\WindowsApps;C:\Users\nour\AppData\Local\Programs\Microsoft VS Code\bin;C:\Users\nour\AppData\Roaming\npm
USERNAME=nour
OS=Windows_NT
PROCESSOR_IDENTIFIER=Intel64 Family 6 Model 158 Stepping 10, GenuineIntel



---------------  S Y S T E M  ---------------

OS:
 Windows 10 , 64 bit Build 22000 (10.0.22000.675)
OS uptime: 1 days 19:23 hours

CPU: total 12 (initial active 12) (6 cores per cpu, 2 threads per core) family 6 model 158 stepping 10 microcode 0xde, cx8, cmov, fxsr, ht, mmx, 3dnowpref, sse, sse2, sse3, ssse3, sse4.1, sse4.2, popcnt, lzcnt, tsc, tscinvbit, avx, avx2, aes, erms, clmul, bmi1, bmi2, adx, fma, vzeroupper, clflush, clflushopt

Memory: 4k page, system-wide physical 16201M (2874M free)
TotalPageFile size 28866M (AvailPageFile size 233M)
current process WorkingSet (physical memory assigned to process): 10M, peak: 10M
current process commit charge ("private bytes"): 64M, peak: 318M

vm_info: Java HotSpot(TM) 64-Bit Server VM (16.0.1+9-24) for windows-amd64 JRE (16.0.1+9-24), built on Mar 26 2021 19:31:42 by "mach5one" with MS VC++ 16.7 (VS2019)

END.
